ERROR
fadnigcbkehljm
pefckbmdnahgjiol
kbcoemdahqrpjfilgn
inckdegjahbmfl
vfyxkcniglowetdjbmapusqrh
tnsldruwmejiapokbvqcfxhg
cabd
ejrmohaqikglfndcbp
ERROR
ebhiacqvmkpusdgrnfojtl
ojgnmbkdecfalih
gefcadb
bekjdcfahig
bqskofnimpgjteldacrh
olatgbnvshjxqpruedckiyfmw
aiholbdpcmkegjfn
hijlpcbmonagefdkq
elhvxpdkfsjuwbmtariqognc
fomnkhqrsecaijgldpb
gicdknmfblejha
ebacfd
abdc
ruihmocfstvkpbegjqalnd
ba
ERROR
mfqeraijkdsgcohpbln
ejikbdlcfgha
cbemlkhijgpnofda
fdbhgaec
ckfgmbjedhlia
bfchagdei
gmsnaqrdilocbkjhfpe
ab
bfahdjcikeg
dbca
kmoejhrvpblgsqcitnafdu
bca
fbecda
ighcbdjefa
trlqdkhfgbospcijneam
aebfgcd
npmfldrqaksgocjehbi
eonlkmcafdihqgpbj
cgjbnoedilaqmfhpk
defhabgijck
arusiqktnclodvfmpxgewjbh
edfcba
cdabef
gqcdbhupwtreavlinjofysxkm
ab
cbaed
pihndofagbkcjlme
cefbad
qbefapgkjtduorlshmnic
rsbaidojkhpmtneqlgfuc
pfbnawtgqcoerkjmisvlhud
sibkchrampjolwvtudfgneq
eolbknagprqmjidhfcs
egpdilbfjhnaomkc
dcab
acbd
hgadcbloijenkmf
cgndiblahjefkm
fedahcgb
pecdjglniahkfbmo
jnmkdgcraofebihplq
ERROR
eslfptwkmuacdbnhrixojvqg
chflmqergnojpikbads
ba
leorbhdfgnipkcamjq
ERROR
ihgsapjoblftrdmnvkeqcu
eabchdifg
jdfblchaikge
daenlmhicfogjkb
fnbtgoudcmkpjrsqihael
iflqmbandekjpohgc
cdab
qmnkfdbeolapcjgih
gahklebfjdci
tgoubshwnmjkyraxpldivqefc
xkcidjslgnuoeymhwvtqbrfpa
mcajegbnkhlifd
bac
qelwbpmfxukscdhijgtnvroa
ERROR
lktfoenapuqgbhsidcjrm
kcpgfojlshnebiaqrmd
fbcedga
ERROR
ahefckjdigb
dajckgibhfmnoel
cjehibdgaf
jimbfgkchadleon
fhilbdjkgeca
sfiutlcbomgqrpdakhnevj
aegfhdbc
eafbcd
uldcsrmeojfpihtnagkbq
hvlqaxudrpwemksibntjcfog
cbihegdaf
baofhqdmijpkcngle
anpcifgemoljbkhd
vhqlpgibuntaxsrwfomdkcej
bac
brgfipanlsqdehuocmjkt
fejchopdqntalirbuskgm
becad
gopjfndaqbmsrtkliceh
gedlbhjfpocamkin
euorsfkpmihjltcnqadgvb
nsapqogldcrfejhibkmt
eilcbadfgjhk
nabhkjmcoefigdl
pgdqjimcfebohnakl
efadbc
ijbcegfhad
migfhjaldkbec
pboejlrngaikcfmhqd
nstjgeafuvcldpkiqhrmob
ERROR
fjacbghedi
ahfpeqomnctslgbikdujr
ERROR
abc
ab
fbhadeijgc
hdjbkiagfec
jbkaehigldcf
jcgemikdfbnlaoh
fgiaolmjkchdnbe
ranomejvphqdiklgctufsb
gbfcdae
eahdnikgcbjmlf
hbdfkjlcgiea
chdkeaolijgmbfn
qopfxsickbdhjlragevwnyutm
ifaecbhgd
ehokfnqprldgcjbami
gbcfade
ocdmfngkqsrhpjbiale
cabd
hsidautnfpvkqocmrgjblew
fjgadbiech
mkgidjlcefahb
hwktrjbgmdilvpnoascfeuq
cab
ebkdjcailfhg
feoikbhslnjpmxqcwdgtuyarv
iokhejafcplgnmbd
hegabcfd
ebdac
nvgcpqiwsaklmtubdojrhef
ab
ba
cnfqolhdajpkegbmi
ircugpbvohtndjkselmqfa
ERROR
uektbrcpdflvjsnmhgiaqo
cjedfibhag
nrktdgqlifsapcojebhm
bdjsqgepkhrcmilofan
ecdfab
cajlbkfehdgmi
fibcdhgjae
gdmjlcpbkefoiahn
abecd
gcdfqsklnjtrampheibo
jeahigcfdb
ba
jaebdhkilfgc
cadb
nlvmtdupofjqgarskchbiew
elnaigpfjocmkbhd
bca
nacbhmjilegdfk
acefbgd
fgaecdb
idcbhfagkelj
ajqhfimbpdcegonlk
bcfhdkjaeig
hcbmladfgjkien
dhkenibacpmogflj
ERROR
gficeahkjdb
ERROR
lokicfpnajhmbedqg
vuyibtdgqhrsepknoxcamlwjf
egdafbc
cdaeb
rnbhceaikspmfqojdgl
befhdicagj
damrlgoqjfhpeiknbc
kibjedafgch
ERROR
agbcedf
ab
hbfadkicglje
dabc
mebginfkchjdla
oefilmbhcdjkgan
aedichjgfkb
cmjfhbaldkegi
beacfd
dfghjibcea
ERROR
dgjhiafbec
dahcgfeb
ceadb
dengkybuoacfstqrjpiwlvhxm
macqhtsborgfnipkdlje
ab
nyuwlhtcgbskqfexmorajvpdi
mgdvrlfjakcbitohqupesn
ilgpkacjmstedbrvufwhxnoq
jbaghqdfoelkpncim
erahkcpfitjslbndmoqg
cbukrsfdhtapjnliogqem
cba
klfenagjpcohqbdim
ihaeyrokqpfdjlvunxbgscmwt
hafejikglmdbc
rujwcyaqifedbmlhxpsvnoktg
hicdjbgaef
defbcigha
kmeagjcblfihd
ecbdlfghjiak
ihgjfakbcdel
cdefab
wdjmlegcxrakpvnhiqbstuof
figjbckahdlme
bca
asnryjvcqmdxtflghpwkuiobe
bqenafplohgkicdmjr
pafbihcjgkmqndeol
ERROR
adbce
plvminxerobhudasgfcjtwqk
chgibfjeda
dgcfbieah
ERROR
edbca
jihmfeadblkgc
fhamgeilkcdbj
ceadfb
gecbdfa
gcidbfaejh
ilojaefbcpnmkdgh
efbickoahjnmdgl
erpgfmhbotjdiqnckals
grnhdjplqseobtfucakim
hcfadebg
faeidgmhlcjkb
cba
ajihbcnkdoflegm
holpgsndrefmjkicbaq
fgdbkahjcei
dcba
ERROR
jbfacdhekgli
racbstiujwdmgvpeoqxhylknf
hrbpwjosnkxegcqfmduavtil
fhnmaklcdijgbe
ERROR
eiokfrbdpnqahcjmslg
mfbrstacjelpugnohqkid
dhjbgiceakf
aecdb
cba
cadb
ERROR
vbdqucfkjragxhemwilntpso
ihbegajcfd
ienovaqhjpgbldmtcrkufs
fdgaebc
hifdgbace
fhdbeciag
ERROR
hqasecnjkdpmborflgi
baedckfgjlhi
ERROR
ERROR
hgimdaculkjpfobsenqtr
vmxsdghnqwiojkpabtfeculr
ba
ERROR
bjvgwmqlroufysnxapidtechk
dbeca
cab
ghaebdfc
ba
odmfjekhbarglpcsqni
ioukhbxelagnfcqdptrsjmvw
pqsrhcloikjneafgbdm
edcfbag
hfdaecgbi
phgrtimkdvwosfelaujqnbc
ERROR
aehdmciflgjkb
bhjmfodegnklcia
ERROR
gihabfdce
ab
facbegd
fgdbaehcij
ERROR
abcd
igcakefhjdlb
bedafghc
ERROR
nhorakqibcmfjlegdp
pmodskjnfgrhcaltbiqe
nagplekcfdbimojh
mheboqalvkndicxufptrgjysw
fhrmistkbljcgpvdnoaueq
jkhbdlcfgeia
agfchbde
bac
difegkbhacj
dbeac
cpmosjfrbqgentkihald
bkjmflacidehg
bgedfhiac
cgaefdb
elcboupdrtjmfsgkhinqa
elgjkhidafcb
feurjdckngtmabwpvqhslio
ecgbfad
abedicjghfkl
abfdec
fegdcab
ERROR
knfamdliejobchg
acpidgtnmksjohblufeqr
fcaghedb
ba
bckhdjlfgaei
cbeda
fbcdega
rfialtqcgvbsduphjkneom
sqpgaclrohfdtjbnmieku
ERROR
fkbcjaigdelh
oegmpijaknblhqfdc
hgefadcijkb
ukljtprcisqagmhdnefob
gbrkqjiadnsofhmpelct
dgbcqjampkneilofh
icghbfdjeak
rdyucxgkqowslntfveibpmjah
itukcwebqfmvadroxhngpslj
fgienahbodpcklmj
cgfajbdkheli
ERROR
ejvcdrqiaofmnubphlgstk
cervfnagmsjbqptukhodiwl
cdbae
djcibkelghfa
ekibdcafjglh
cab
naetmgdjporflvikqswbhuc
kdgfchuaeslrnpibmqjot
gajkfbdmcielh
jrukmgqaitbpofncsledh
badc
jgkfadiebhc
ERROR
vresjkflqmptgniauhcxdwbo
fbcagde
hfoqraxwkmndbtsplyvgjceiu
kcelmhijgdobfna
bfcrjntapqhsmodglike
xtagqeovfkindhpcjrybwmuls
abedc
acnmkgdfjihbel
ijcbknedfahlmg
cab
idehfbgcja
fbedca
hnflqbdkjpmiogcae
dacb
udjkmphigstcvlnowqfreba
cebadf
ajfogtbcqrdipklenmhs
bcaefd
acdb
ERROR
fjcdlgihabke
ba
chfibjkdeag
fgcaihjeldbk
laingmqtspdrkebhojfc
kjclaidgebmfhn
bac
efdhajbgic
bigjhafkmldce
unjshdivlqefgrbomtkacp
bdca
ocmjhigdlrebsafqknp
ERROR
dmihbljkacngfe
cdba
dhjfcgkeailb
ERROR
hdirlcanpgmfbjeoqk
leadpjkcbfmiohng
ecabd
icefdabhg
cdbigkfleajh
acb
cahnjdbilomkefpgq
ecabd
ab
ceiotakvhdgjqmfursblnp
hcdagbefi
abecfgd
fehdjigbca
cghdaibef
apmknbqedclofihjg
harbwofugildvctqejpksmn
bdsqewcumjipvnfrkhtgloa
ceiagodjhflnmbk
ERROR
gpjhdlenqomfbkaic
gbcejfikdha
ERROR
hdblgkmijacfe
ab
vnjarolqpwfdheiugkmsctb
ERROR
labnoshqcifkrmgjpde
ksqelcdrabimnthojpfg
psdfncajmigwqkubtlerohv
jiqfebpuaghrtcdolmnksv
ighdamckjfnleb
bjfcgamlhedki
dgaibfhec
fbhaikoemjcngpqdl
eblifhdmcgakj
ecbdhfga
ab
cfgkairseqhmnopjbdl
bdace
dlekjagcfhib
rxnhambkscoflwiqptvgeudj
gbeakofmcjihnld
fadichegb
iecgfjadhb
ERROR
ERROR
ERROR
adceb
dbcgafeh
dhebacfg
ERROR
gkjfclsphmqxornuetibawdv
facdhebg
yrukepaohxbntfvsciqlgwjmd
hiqrpnsofgdmbckelja
miofgjkbdlchena
cegafdbih
ba
bgfchdiae
gbcdahef
hxaunflvmqsbkoijrdgweptc
ERROR
poqftmlrnkhsgdjaeicb
ebachgdfi
odfhcngkjibmlae
acb
qhuirstxmbecnjgfpwvlodak
hbeacfkgijd
qsgdothrleifcpjmnukbva
ecfadgb
dgaihbefjkc
ebpckhgdjniotfamqrls
abc
fbcaed
vgacixuflphsjndoqkwrtmeb
ebnmqfdlkhaopigjc
oghwksfjqitbmlcpeunxvrad
fhecabgd
bfadec
cshgrtfbilkedqnpojma
aedcb
fikbcdjnaphemlgo
dcfkpiljmqhonagbe
djnifkbmhglcea
ERROR
ahcdbegf
cadb
ERROR
ficdjaehbgk
idlbnmcejkahfg
prsbkhvjyancufqitwoexgdlm
mjfieqdbhoparkclng
ERROR
sxyuklwmfcidjpvohbatqgenr
ERROR
abc
ERROR
a
Time: 0.898228645324707
